[Dec 03 2015 19:01:49.000000 - INFO] effectiveUser=8368878167 service=ManagedCustomerService method=get operators={} responseTime=215 requestId=0005260305e763680a4c3642d00ffdde operations=1 units= server=adwords.google.com isFault=false faultMessage=null
[Apr 20 2016 06:57:16.000000 - INFO] effectiveUser=2214096916 service=CampaignService method=mutate operators={SET: 1} responseTime=250 requestId=000530e51a9fbed00a8157c2a1038bc5 operations=1 units= server=adwords.google.com isFault=false faultMessage=null
[Apr 20 2016 07:13:40.000000 - INFO] effectiveUser=2214096916 service=CampaignCriterionService method=mutate operators={ADD: 1} responseTime=199 requestId=000530e5554f3e700ac14d65d90fb132 operations=1 units= server=adwords.google.com isFault=false faultMessage=null
[Apr 20 2016 07:14:27.000000 - INFO] effectiveUser=2214096916 service=CampaignCriterionService method=mutate operators={ADD: 1} responseTime=141 requestId=000530e558187c480ac11da83008dd8a operations=1 units= server=adwords.google.com isFault=false faultMessage=null
[Apr 20 2016 17:27:02.000000 - INFO] effectiveUser=1349415529 service=ManagedCustomerService method=get operators={} responseTime=253 requestId=000530ede6dc35980ac286617502174f operations=1 units= server=adwords.google.com isFault=false faultMessage=null
[Apr 20 2016 17:27:03.000000 - INFO] effectiveUser=1349415529 service=CampaignService method=get operators={} responseTime=193 requestId=000530ede6e732180ac14f83e404cb12 operations=1 units= server=adwords.google.com isFault=false faultMessage=null
[Apr 20 2016 17:27:40.000000 - INFO] effectiveUser=1349415529 service=CustomerService method=mutate operators={} responseTime=143 requestId=000530ede91e3a410ac274896708bb0f operations=1 units= server=adwords.google.com isFault=false faultMessage=null
[Apr 20 2016 17:39:16.000000 - INFO] effectiveUser=1349415529 service=CustomerService method=mutate operators={} responseTime=265 requestId=000530ee1296d9b80ac2582ae8047b63 operations=1 units= server=adwords.google.com isFault=false faultMessage=null
[Apr 20 2016 18:04:38.000000 - INFO] effectiveUser=1349415529 service=CustomerService method=mutate operators={} responseTime=296 requestId=000530ee6d52bd910ac21a617a0bb2ad operations=1 units= server=adwords.google.com isFault=false faultMessage=null
[Apr 21 2016 09:04:03.000000 - INFO] effectiveUser=1349415529 service=CustomerService method=mutate operators={} responseTime=167 requestId=000530fafddb67480ac286617502174f operations=1 units= server=adwords.google.com isFault=false faultMessage=null
[Apr 21 2016 15:50:17.000000 - INFO] effectiveUser=1349415529 service=CustomerService method=mutate operators={} responseTime=213 requestId=00053100aaaeb2900ac2582ae8047b63 operations=1 units= server=adwords.google.com isFault=false faultMessage=null
[Apr 21 2016 17:56:25.000000 - INFO] effectiveUser=1349415529 service=MutateJobService method=mutate operators={ADD: 138} responseTime=1076 requestId=000531026dbf18280a819fd76702e6f1 operations=1 units= server=adwords.google.com isFault=false faultMessage=null
[Apr 21 2016 18:02:21.000000 - INFO] effectiveUser=1349415529 service=MutateJobService method=mutate operators={ADD: 138} responseTime=876 requestId=0005310282f881490ac139d49d029c7a operations=1 units= server=adwords.google.com isFault=false faultMessage=null
[Apr 21 2016 18:06:03.000000 - INFO] effectiveUser=1349415529 service=MutateJobService method=mutate operators={ADD: 138} responseTime=828 requestId=00053102903905a80ac104c26e0d53b9 operations=1 units= server=adwords.google.com isFault=false faultMessage=null
[Apr 21 2016 18:09:15.000000 - INFO] effectiveUser=1349415529 service=CustomerService method=mutate operators={} responseTime=171 requestId=000531029bb437400ac24c028207d70a operations=1 units= server=adwords.google.com isFault=false faultMessage=null
[Apr 21 2016 18:19:30.000000 - INFO] effectiveUser=1349415529 service=MutateJobService method=mutate operators={ADD: 138} responseTime=1407 requestId=00053102c04898800ac13f4d2c030af6 operations=1 units= server=adwords.google.com isFault=false faultMessage=null
[Apr 21 2016 18:20:30.000000 - INFO] effectiveUser=1349415529 service=MutateJobService method=mutate operators={ADD: 138} responseTime=942 requestId=00053102c3d770480a0dfd86400f371d operations=1 units= server=adwords.google.com isFault=false faultMessage=null
[Apr 27 2016 07:48:54.000000 - INFO] effectiveUser=1349415529 service=CustomerService method=mutate operators={} responseTime=200 requestId=00053172a42d7e980ac2ec48050fa44c operations=1 units= server=adwords.google.com isFault=false faultMessage=null
[Apr 27 2016 07:50:54.000000 - INFO] effectiveUser=1349415529 service=CustomerService method=mutate operators={} responseTime=239 requestId=00053172ab5b00f10ac24c025501672b operations=1 units= server=adwords.google.com isFault=false faultMessage=null
[Apr 27 2016 09:42:53.000000 - INFO] effectiveUser=1349415529 service=CampaignService method=mutate operators={SET: 1} responseTime=153 requestId=000531743bd4de990ac12fa4bf0eb97a operations=1 units= server=adwords.google.com isFault=false faultMessage=null
[May 05 2016 18:34:15.000000 - INFO] effectiveUser=1349415529 service=CustomerService method=mutate operators={} responseTime=180 requestId=0005321c96d7b3a80ac216674401fabf operations=1 units= server=adwords.google.com isFault=false faultMessage=null
[May 05 2016 18:34:18.000000 - INFO] effectiveUser=1349415529 service=CampaignService method=mutate operators={SET: 1} responseTime=106 requestId=0005321c9707e7800a0dc484ea0ecbc5 operations=1 units= server=adwords.google.com isFault=false faultMessage=null
[May 05 2016 18:42:45.000000 - INFO] effectiveUser=1349415529 service=CampaignCriterionService method=mutate operators={ADD: 1} responseTime=427 requestId=0005321cb545a2500a81708488049d78 operations=1 units= server=adwords.google.com isFault=false faultMessage=null
[May 05 2016 18:43:33.000000 - INFO] effectiveUser=1349415529 service=CustomerService method=mutate operators={} responseTime=114 requestId=0005321cb81c9fb00ac216674401fabf operations=1 units= server=adwords.google.com isFault=false faultMessage=null
[May 05 2016 18:43:36.000000 - INFO] effectiveUser=1349415529 service=CampaignService method=mutate operators={SET: 1} responseTime=166 requestId=0005321cb847bad80a8127116a0587ec operations=1 units= server=adwords.google.com isFault=false faultMessage=null
[May 12 2016 14:37:37.000000 - INFO] effectiveUser=1349415529 service=CampaignCriterionService method=mutate operators={ADD: 1} responseTime=269 requestId=000532a6197d47d10ac14764550d89fe operations=1 units= server=adwords.google.com isFault=false faultMessage=null
[Jun 25 2016 13:47:26.000000 - INFO] effectiveUser=1349415529 service=CampaignCriterionService method=mutate operators={ADD: 1} responseTime=172 requestId=0005361a870908580a3740852a0d516b operations=1 units= server=adwords.google.com isFault=false faultMessage=null
[Jun 25 2016 13:47:30.000000 - INFO] effectiveUser=1349415529 service=CampaignCriterionService method=mutate operators={ADD: 1} responseTime=147 requestId=0005361a8746f0010a370316f70490df operations=1 units= server=adwords.google.com isFault=false faultMessage=null
[Jun 25 2016 13:47:34.000000 - INFO] effectiveUser=1349415529 service=CampaignCriterionService method=mutate operators={ADD: 1} responseTime=141 requestId=0005361a87806ad80a37034c4a0946bc operations=1 units= server=adwords.google.com isFault=false faultMessage=null
[Jun 25 2016 13:47:37.000000 - INFO] effectiveUser=1349415529 service=CampaignCriterionService method=mutate operators={ADD: 1} responseTime=181 requestId=0005361a87b3dad10a379e13cc049127 operations=1 units= server=adwords.google.com isFault=false faultMessage=null
[Jun 25 2016 13:47:42.000000 - INFO] effectiveUser=1349415529 service=CampaignCriterionService method=mutate operators={ADD: 1} responseTime=132 requestId=0005361a87ffdbd90ae9d8864d0fd6d3 operations=1 units= server=adwords.google.com isFault=false faultMessage=null
[Jun 25 2016 13:51:08.000000 - INFO] effectiveUser=1349415529 service=CampaignCriterionService method=mutate operators={ADD: 1} responseTime=79 requestId=0005361a944d61300a376495c20311e6 operations=1 units= server=adwords.google.com isFault=false faultMessage=null
[Jun 25 2016 14:52:30.000000 - INFO] effectiveUser=1349415529 service=CampaignCriterionService method=mutate operators={ADD: 1} responseTime=145 requestId=0005361b6fbfd0e10a375c0237003c7c operations=1 units= server=adwords.google.com isFault=false faultMessage=null
[Jun 28 2016 17:45:29.000000 - INFO] effectiveUser=1349415529 service=CampaignService method=mutate operators={SET: 1} responseTime=142 requestId=0005365a33e57ab80a370316a90c4229 operations=1 units= server=adwords.google.com isFault=false faultMessage=null
[Jun 28 2016 17:45:35.000000 - INFO] effectiveUser=1349415529 service=CampaignService method=mutate operators={SET: 1} responseTime=177 requestId=0005365a3443f2500a37b986b5065864 operations=1 units= server=adwords.google.com isFault=false faultMessage=null
[Jul 04 2016 16:46:41.000000 - INFO] effectiveUser=1349415529 service=CustomerService method=mutate operators={} responseTime=171 requestId=000536d214a5b7300ac267a265035393 operations=1 units= server=adwords.google.com isFault=false faultMessage=null
[Jul 04 2016 16:46:44.000000 - INFO] effectiveUser=1349415529 service=CampaignService method=mutate operators={SET: 1} responseTime=132 requestId=000536d214d17e380a376c445d04070a operations=1 units= server=adwords.google.com isFault=false faultMessage=null
[Jul 04 2016 16:46:56.000000 - INFO] effectiveUser=1349415529 service=CustomerService method=mutate operators={} responseTime=115 requestId=000536d21594d2200ac22a210e0960a9 operations=1 units= server=adwords.google.com isFault=false faultMessage=null
[Jul 05 2016 18:00:30.000000 - INFO] effectiveUser=1294930360 service=ManagedCustomerService method=get operators={} responseTime=211 requestId=000536e73a77a8780ac236464e0f2b2e operations=1 units= server=adwords.google.com isFault=false faultMessage=null
[Jul 05 2016 18:00:30.000000 - INFO] effectiveUser=1294930360 service=CampaignService method=get operators={} responseTime=243 requestId=000536e73a824f080a3780059100fe99 operations=1 units= server=adwords.google.com isFault=false faultMessage=null
[Jul 05 2016 18:02:55.000000 - INFO] effectiveUser=1294930360 service=CampaignService method=mutate operators={SET: 1} responseTime=152 requestId=000536e7431e90180a37a5085b04a677 operations=1 units= server=adwords.google.com isFault=false faultMessage=null
[Jul 05 2016 18:04:57.000000 - INFO] effectiveUser=1294930360 service=CustomerService method=mutate operators={} responseTime=136 requestId=000536e74a69c7e80ac2cd081d0bce8a operations=1 units= server=adwords.google.com isFault=false faultMessage=null
[Jul 05 2016 18:06:59.000000 - INFO] effectiveUser=1294930360 service=CustomerService method=mutate operators={} responseTime=213 requestId=000536e751ac0ac00ac256444a0346ca operations=1 units= server=adwords.google.com isFault=false faultMessage=null
[Jul 06 2016 23:32:52.000000 - INFO] effectiveUser=5059542170 service=ManagedCustomerService method=get operators={} responseTime=239 requestId=000536fffcf0b0d10ac20e01be0a3651 operations=1 units= server=adwords.google.com isFault=false faultMessage=null
[Jul 06 2016 23:32:53.000000 - INFO] effectiveUser=5059542170 service=CampaignService method=get operators={} responseTime=262 requestId=000536fffd043cb80a3783c29b0959e3 operations=1 units= server=adwords.google.com isFault=false faultMessage=null
[Jul 06 2016 23:33:27.000000 - INFO] effectiveUser=5059542170 service=CustomerService method=mutate operators={} responseTime=144 requestId=000536ffff1035700ac21447160d1fe1 operations=1 units= server=adwords.google.com isFault=false faultMessage=null
[Jul 07 2016 13:15:21.000000 - INFO] effectiveUser=5059542170 service=CustomerService method=mutate operators={} responseTime=190 requestId=0005370b7a622a990ac2cd081d0bce8a operations=1 units= server=adwords.google.com isFault=false faultMessage=null
[Jul 07 2016 13:15:32.000000 - INFO] effectiveUser=5059542170 service=CustomerService method=mutate operators={} responseTime=114 requestId=0005370b7b0920c80ac22a210e0960a9 operations=1 units= server=adwords.google.com isFault=false faultMessage=null
[Jul 14 2016 14:54:01.000000 - ERROR] effectiveUser=1294930360 service=CustomerService method=mutate operators={} responseTime=252 requestId=00053799ac2503010ac22d46c7028db8 operations=1 units= server=adwords.google.com isFault=true faultMessage=[RequestError.UNSUPPORTED_VERSION @ ; trigger:'You are accessing an AdWords API version v201509 that has been discontinued. Calls to this version may fail. Please visit the AdWords API blog for information on migration to the new AdWords API version.']
[Jul 14 2016 19:33:35.000000 - INFO] effectiveUser=1294930360 service=MutateJobService method=mutate operators={ADD: 1} responseTime=1086 requestId=0005379d93dfe3b00a378244c70ce1ee operations=1 units= server=adwords.google.com isFault=false faultMessage=null
[Jul 14 2016 19:35:39.000000 - INFO] effectiveUser=1294930360 service=MutateJobService method=mutate operators={ADD: 1} responseTime=824 requestId=0005379d9b504b080a370513ba0b0dc3 operations=1 units= server=adwords.google.com isFault=false faultMessage=null
[Jul 18 2016 17:25:57.000000 - INFO] effectiveUser=1294930360 service=CustomerService method=mutate operators={} responseTime=191 requestId=000537ec42e324280ac249e51a0dffd2 operations=1 units= server=adwords.google.com isFault=false faultMessage=null
[Jul 18 2016 17:26:03.000000 - INFO] effectiveUser=1294930360 service=CustomerService method=mutate operators={} responseTime=209 requestId=000537ec433720280ac270836f00e077 operations=1 units= server=adwords.google.com isFault=false faultMessage=null
[Jul 18 2016 18:02:52.000000 - ERROR] effectiveUser=5059542170 service=CustomerService method=mutate operators={} responseTime=175 requestId=000537ecc6e360a80ac249e51a0dffd2 operations=1 units= server=adwords.google.com isFault=true faultMessage=[RequestError.UNSUPPORTED_VERSION @ ; trigger:'You are accessing an AdWords API version v201509 that has been discontinued. Calls to this version may fail. Please visit the AdWords API blog for information on migration to the new AdWords API version.']
[Jul 19 2016 18:05:24.000000 - ERROR] effectiveUser=5059542170 service=CustomerService method=mutate operators={} responseTime=192 requestId=00053800edc548300ac2b282df05d5af operations=1 units= server=adwords.google.com isFault=true faultMessage=[RequestError.UNSUPPORTED_VERSION @ ; trigger:'You are accessing an AdWords API version v201509 that has been discontinued. Calls to this version may fail. Please visit the AdWords API blog for information on migration to the new AdWords API version.']
[Jul 22 2016 15:38:12.000000 - ERROR] effectiveUser=1294930360 service=CustomerService method=mutate operators={} responseTime=175 requestId=0005383b38df10500ac2a2e77809cc67 operations=1 units= server=adwords.google.com isFault=true faultMessage=[QuotaCheckError.DEVELOPER_TOKEN_NOT_APPROVED @ ; trigger:'<null>']
[Jul 22 2016 15:39:31.000000 - ERROR] effectiveUser=1294930360 service=CustomerService method=mutate operators={} responseTime=120 requestId=0005383b3d94f3590ac22ba5960115ad operations=1 units= server=adwords.google.com isFault=true faultMessage=[QuotaCheckError.DEVELOPER_TOKEN_NOT_APPROVED @ ; trigger:'<null>']
[Jul 22 2016 15:40:28.000000 - ERROR] effectiveUser=1294930360 service=CustomerService method=mutate operators={} responseTime=168 requestId=0005383b40fbccd90ac27946830dbca8 operations=1 units= server=adwords.google.com isFault=true faultMessage=[QuotaCheckError.DEVELOPER_TOKEN_NOT_APPROVED @ ; trigger:'<null>']
[Jul 22 2016 15:40:46.000000 - ERROR] effectiveUser=1294930360 service=CustomerService method=mutate operators={} responseTime=126 requestId=0005383b4211ec100ac2f889730990e9 operations=1 units= server=adwords.google.com isFault=true faultMessage=[QuotaCheckError.DEVELOPER_TOKEN_NOT_APPROVED @ ; trigger:'<null>']
[Jul 22 2016 16:30:17.000000 - INFO] effectiveUser=2214096916 service=CampaignService method=mutate operators={SET: 1} responseTime=404 requestId=0005383bf31ecff00a372a9d820857dc operations=1 units= server=adwords.google.com isFault=false faultMessage=null
[Jul 22 2016 19:02:13.000000 - INFO] effectiveUser=2214096916 service=CampaignService method=mutate operators={SET: 1} responseTime=157 requestId=0005383e127dafe00a3794819306c236 operations=1 units= server=adwords.google.com isFault=false faultMessage=null
[Jul 25 2016 14:10:26.000000 - INFO] effectiveUser=2214096916 service=ManagedCustomerService method=get operators={} responseTime=208 requestId=00053876588746300ac2ece6c90f782d operations=1 units= server=adwords.google.com isFault=false faultMessage=null
[Jul 25 2016 14:10:27.000000 - INFO] effectiveUser=2214096916 service=CampaignService method=get operators={} responseTime=299 requestId=0005387658937f180a3728cfb40d743e operations=1 units= server=adwords.google.com isFault=false faultMessage=null
[Jul 25 2016 14:11:36.000000 - INFO] effectiveUser=2214096916 service=CampaignService method=mutate operators={SET: 1} responseTime=163 requestId=000538765cb22f180a376f84a800ade1 operations=1 units= server=adwords.google.com isFault=false faultMessage=null
[Jul 25 2016 16:27:25.000000 - INFO] effectiveUser=1988631378 service=ManagedCustomerService method=get operators={} responseTime=199 requestId=000538784271a7a80ac2ece6c90f782d operations=1 units= server=adwords.google.com isFault=false faultMessage=null
[Jul 25 2016 16:27:26.000000 - INFO] effectiveUser=7560661996 service=CampaignService method=get operators={} responseTime=208 requestId=00053878427d195a0a37a21057006a07 operations=1 units= server=adwords.google.com isFault=false faultMessage=null
[Jul 25 2016 16:27:27.000000 - INFO] effectiveUser=1705925684 service=CampaignService method=get operators={} responseTime=161 requestId=00053878428be6690a379f16620e07e2 operations=1 units= server=adwords.google.com isFault=false faultMessage=null
[Jul 25 2016 16:27:28.000000 - INFO] effectiveUser=9818558833 service=CampaignService method=get operators={} responseTime=562 requestId=00053878429950000ae9e852cb04811e operations=1 units= server=adwords.google.com isFault=false faultMessage=null
[Jul 25 2016 16:27:29.000000 - INFO] effectiveUser=8770061631 service=CampaignService method=get operators={} responseTime=322 requestId=0005387842ac9d680a37ccc70f03fb30 operations=1 units= server=adwords.google.com isFault=false faultMessage=null
[Jul 25 2016 16:27:30.000000 - INFO] effectiveUser=2478700039 service=CampaignService method=get operators={} responseTime=295 requestId=0005387842bcc2380a378a43820ff770 operations=1 units= server=adwords.google.com isFault=false faultMessage=null
[Jul 25 2016 16:27:31.000000 - INFO] effectiveUser=3525085427 service=CampaignService method=get operators={} responseTime=210 requestId=0005387842cb50c80a37a74774084b18 operations=1 units= server=adwords.google.com isFault=false faultMessage=null
[Jul 25 2016 16:27:32.000000 - INFO] effectiveUser=4106711080 service=CampaignService method=get operators={} responseTime=284 requestId=0005387842d7dfa10a379a478908a19c operations=1 units= server=adwords.google.com isFault=false faultMessage=null
[Jul 25 2016 16:27:33.000000 - INFO] effectiveUser=9433503376 service=CampaignService method=get operators={} responseTime=212 requestId=0005387842e73d380a37c64bc70ee5fb operations=1 units= server=adwords.google.com isFault=false faultMessage=null
[Jul 25 2016 16:27:34.000000 - INFO] effectiveUser=2530406314 service=CampaignService method=get operators={} responseTime=545 requestId=0005387842f464680a37a74774084b18 operations=1 units= server=adwords.google.com isFault=false faultMessage=null
[Jul 25 2016 16:27:35.000000 - INFO] effectiveUser=6604178620 service=CampaignService method=get operators={} responseTime=302 requestId=00053878430694a80a372bd6510f183b operations=1 units= server=adwords.google.com isFault=false faultMessage=null
[Jul 25 2016 16:27:36.000000 - INFO] effectiveUser=6028884412 service=CampaignService method=get operators={} responseTime=402 requestId=00053878431650010a379e4a830debcc operations=1 units= server=adwords.google.com isFault=false faultMessage=null
[Jul 25 2016 16:27:37.000000 - INFO] effectiveUser=9928554151 service=CampaignService method=get operators={} responseTime=385 requestId=000538784325d8910ae9ef0ae200310c operations=1 units= server=adwords.google.com isFault=false faultMessage=null
[Jul 25 2016 16:27:38.000000 - INFO] effectiveUser=7918932134 service=CampaignService method=get operators={} responseTime=300 requestId=00053878433551800a37644c6101d591 operations=1 units= server=adwords.google.com isFault=false faultMessage=null
[Jul 25 2016 16:27:39.000000 - INFO] effectiveUser=2585537540 service=CampaignService method=get operators={} responseTime=294 requestId=0005387843441aa80a3769021609bb93 operations=1 units= server=adwords.google.com isFault=false faultMessage=null
[Jul 25 2016 16:27:40.000000 - INFO] effectiveUser=5508054710 service=CampaignService method=get operators={} responseTime=248 requestId=00053878435355180a372788a2051e30 operations=1 units= server=adwords.google.com isFault=false faultMessage=null
[Jul 25 2016 16:27:41.000000 - INFO] effectiveUser=2155210710 service=CampaignService method=get operators={} responseTime=198 requestId=00053878436059210a37d9cca3013dd1 operations=1 units= server=adwords.google.com isFault=false faultMessage=null
[Jul 25 2016 16:27:42.000000 - INFO] effectiveUser=3122907277 service=CampaignService method=get operators={} responseTime=224 requestId=00053878436e57290a37184c68003750 operations=1 units= server=adwords.google.com isFault=false faultMessage=null
[Jul 25 2016 16:27:43.000000 - INFO] effectiveUser=1193232804 service=CampaignService method=get operators={} responseTime=154 requestId=00053878437af9880a372f856c09e044 operations=1 units= server=adwords.google.com isFault=false faultMessage=null
[Jul 25 2016 16:27:44.000000 - INFO] effectiveUser=9443564663 service=CampaignService method=get operators={} responseTime=124 requestId=000538784386bd400a376a44e8038450 operations=1 units= server=adwords.google.com isFault=false faultMessage=null
[Jul 25 2016 16:27:44.000000 - INFO] effectiveUser=7366801618 service=CampaignService method=get operators={} responseTime=239 requestId=00053878439269880a375b859c0afac3 operations=1 units= server=adwords.google.com isFault=false faultMessage=null
[Jul 25 2016 16:27:45.000000 - INFO] effectiveUser=5886525926 service=CampaignService method=get operators={} responseTime=216 requestId=00053878439f5df10a374dc347090029 operations=1 units= server=adwords.google.com isFault=false faultMessage=null
[Jul 25 2016 16:27:46.000000 - INFO] effectiveUser=1385005716 service=CampaignService method=get operators={} responseTime=167 requestId=0005387843ada2480a37a6c9f2093715 operations=1 units= server=adwords.google.com isFault=false faultMessage=null
[Jul 25 2016 16:27:47.000000 - INFO] effectiveUser=8088239636 service=CampaignService method=get operators={} responseTime=229 requestId=0005387843b9cf790a379f16620e07e2 operations=1 units= server=adwords.google.com isFault=false faultMessage=null
[Jul 25 2016 16:27:48.000000 - INFO] effectiveUser=1500279002 service=CampaignService method=get operators={} responseTime=248 requestId=0005387843c6b0580a37638a2d0f0574 operations=1 units= server=adwords.google.com isFault=false faultMessage=null
[Jul 25 2016 16:27:49.000000 - INFO] effectiveUser=4827762161 service=CampaignService method=get operators={} responseTime=182 requestId=0005387843d439300a372a472a0ad838 operations=1 units= server=adwords.google.com isFault=false faultMessage=null
[Jul 25 2016 16:27:50.000000 - INFO] effectiveUser=5993473090 service=CampaignService method=get operators={} responseTime=219 requestId=0005387843e15c780a37a50843076a53 operations=1 units= server=adwords.google.com isFault=false faultMessage=null
[Jul 25 2016 16:27:51.000000 - INFO] effectiveUser=4158282834 service=CampaignService method=get operators={} responseTime=261 requestId=0005387843ef99000a3705134f0482c9 operations=1 units= server=adwords.google.com isFault=false faultMessage=null
[Jul 25 2016 16:46:39.000000 - INFO] effectiveUser=8088239636 service=CampaignService method=mutate operators={SET: 1} responseTime=144 requestId=00053878873314810a372807d1062dab operations=1 units= server=adwords.google.com isFault=false faultMessage=null
[Jul 25 2016 16:46:44.000000 - INFO] effectiveUser=8088239636 service=CampaignService method=mutate operators={SET: 1} responseTime=144 requestId=00053878878806990a3769021609bb93 operations=1 units= server=adwords.google.com isFault=false faultMessage=null
[Jul 25 2016 16:46:49.000000 - INFO] effectiveUser=8088239636 service=CampaignService method=mutate operators={SET: 1} responseTime=127 requestId=0005387887c968e00a3786873a0a4f9a operations=1 units= server=adwords.google.com isFault=false faultMessage=null
[Jul 26 2016 16:18:02.000000 - INFO] effectiveUser=8088239636 service=CampaignService method=mutate operators={SET: 1} responseTime=133 requestId=0005388c3eb76ad10a378446d2095a84 operations=1 units= server=adwords.google.com isFault=false faultMessage=null
[Jul 26 2016 16:18:06.000000 - INFO] effectiveUser=8088239636 service=CampaignService method=mutate operators={SET: 1} responseTime=131 requestId=0005388c3eee80610a3730d07d070f20 operations=1 units= server=adwords.google.com isFault=false faultMessage=null
[Jul 26 2016 16:22:20.000000 - INFO] effectiveUser=1294930360 service=ManagedCustomerService method=get operators={} responseTime=196 requestId=0005388c4e158f700ac2aa65670420c8 operations=1 units= server=adwords.google.com isFault=false faultMessage=null
[Jul 26 2016 16:22:21.000000 - INFO] effectiveUser=1294930360 service=CampaignService method=get operators={} responseTime=338 requestId=0005388c4e1fa9610a374911330837f1 operations=1 units= server=adwords.google.com isFault=false faultMessage=null
[Jul 26 2016 16:22:31.000000 - INFO] effectiveUser=1294930360 service=CustomerService method=mutate operators={} responseTime=170 requestId=0005388c4ebf48a90ac24121c106f0fc operations=1 units= server=adwords.google.com isFault=false faultMessage=null
[Jul 26 2016 16:22:38.000000 - INFO] effectiveUser=1294930360 service=CustomerService method=mutate operators={} responseTime=184 requestId=0005388c4f2b70290ac2aa65670420c8 operations=1 units= server=adwords.google.com isFault=false faultMessage=null
[Jul 26 2016 16:22:41.000000 - INFO] effectiveUser=1294930360 service=CustomerService method=mutate operators={} responseTime=156 requestId=0005388c4f5a8ea90ac215a8700c60ab operations=1 units= server=adwords.google.com isFault=false faultMessage=null
[Jul 26 2016 17:42:12.000000 - INFO] effectiveUser=8088239636 service=CampaignService method=mutate operators={SET: 1} responseTime=246 requestId=0005388d6bb8ddd80ae9e85269038430 operations=1 units= server=adwords.google.com isFault=false faultMessage=null
[Jul 26 2016 18:46:29.000000 - INFO] effectiveUser=1294930360 service=CustomerService method=mutate operators={} responseTime=168 requestId=0005388e5199cdf90ac26e84e90e5091 operations=1 units= server=adwords.google.com isFault=false faultMessage=null
[Jul 27 2016 16:07:59.000000 - INFO] effectiveUser=1294930360 service=CustomerService method=mutate operators={} responseTime=165 requestId=000538a03896a1c00ac256447c0dae72 operations=1 units= server=adwords.google.com isFault=false faultMessage=null
[Jul 27 2016 19:14:33.000000 - INFO] effectiveUser=2960295025 service=ManagedCustomerService method=get operators={} responseTime=237 requestId=000538a2d3d8a3e80ac22b0525044a4c operations=1 units= server=adwords.google.com isFault=false faultMessage=null
[Jul 27 2016 19:14:34.000000 - INFO] effectiveUser=2960295025 service=CampaignService method=get operators={} responseTime=214 requestId=000538a2d3e39c810a37a8d28d0a10cb operations=1 units= server=adwords.google.com isFault=false faultMessage=null
[Jul 28 2016 10:54:43.000000 - INFO] effectiveUser=2960295025 service=CustomerService method=mutate operators={} responseTime=214 requestId=000538aff62417900ac2a2e77d017ee5 operations=1 units= server=adwords.google.com isFault=false faultMessage=null
[Jul 28 2016 12:51:06.000000 - INFO] effectiveUser=6751009981 service=CustomerService method=mutate operators={} responseTime=190 requestId=000538b19656c8b10ac2c822e104bd89 operations=1 units= server=adwords.google.com isFault=false faultMessage=null
[Jul 28 2016 12:59:54.000000 - INFO] effectiveUser=2960295025 service=CustomerService method=mutate operators={} responseTime=164 requestId=000538b1b5d715a00ac252e30b0762b9 operations=1 units= server=adwords.google.com isFault=false faultMessage=null
[Jul 28 2016 13:00:40.000000 - INFO] effectiveUser=1294930360 service=CustomerService method=mutate operators={} responseTime=161 requestId=000538b1b894e9980ac2a2e77d017ee5 operations=1 units= server=adwords.google.com isFault=false faultMessage=null
[Jul 28 2016 13:32:23.000000 - INFO] effectiveUser=6751009981 service=CustomerService method=mutate operators={} responseTime=175 requestId=000538b22a0276e00ac2c822e104bd89 operations=1 units= server=adwords.google.com isFault=false faultMessage=null
[Jul 28 2016 13:40:05.000000 - INFO] effectiveUser=2960295025 service=CustomerService method=mutate operators={} responseTime=240 requestId=000538b2457e98e00ac26e84e90e5091 operations=1 units= server=adwords.google.com isFault=false faultMessage=null
[Jul 28 2016 13:40:39.000000 - INFO] effectiveUser=1294930360 service=CustomerService method=mutate operators={} responseTime=208 requestId=000538b2478ba6f00ac2a2e77d017ee5 operations=1 units= server=adwords.google.com isFault=false faultMessage=null
[Jul 29 2016 10:36:59.000000 - INFO] effectiveUser=4992547832 service=ManagedCustomerService method=get operators={} responseTime=218 requestId=000538c3d4882e500ac2aa658506e492 operations=1 units= server=adwords.google.com isFault=false faultMessage=null
[Jul 29 2016 10:37:00.000000 - INFO] effectiveUser=3430653620 service=CampaignService method=get operators={} responseTime=340 requestId=000538c3d492fbf10a37aac6db02388e operations=1 units= server=adwords.google.com isFault=false faultMessage=null
[Jul 29 2016 10:37:01.000000 - INFO] effectiveUser=4469487653 service=CampaignService method=get operators={} responseTime=357 requestId=000538c3d4a04a300a378d41240313d1 operations=1 units= server=adwords.google.com isFault=false faultMessage=null
[Jul 29 2016 10:37:01.000000 - INFO] effectiveUser=5133717402 service=CampaignService method=get operators={} responseTime=209 requestId=000538c3d4adcb390a378ac2100d7c77 operations=1 units= server=adwords.google.com isFault=false faultMessage=null
[Jul 29 2016 10:37:02.000000 - INFO] effectiveUser=6729987674 service=CampaignService method=get operators={} responseTime=245 requestId=000538c3d4b8e6f80a37674b300cae0f operations=1 units= server=adwords.google.com isFault=false faultMessage=null
[Jul 29 2016 10:37:03.000000 - INFO] effectiveUser=5007442732 service=CampaignService method=get operators={} responseTime=377 requestId=000538c3d4c533690a37520b9a0afe8c operations=1 units= server=adwords.google.com isFault=false faultMessage=null
[Jul 29 2016 10:37:04.000000 - INFO] effectiveUser=6017261732 service=CampaignService method=get operators={} responseTime=524 requestId=000538c3d4d2b8580a3784468e0ea1a3 operations=1 units= server=adwords.google.com isFault=false faultMessage=null
[Jul 29 2016 10:37:05.000000 - INFO] effectiveUser=5091018887 service=CampaignService method=get operators={} responseTime=290 requestId=000538c3d4e33ae90a370c0206082e39 operations=1 units= server=adwords.google.com isFault=false faultMessage=null
[Jul 29 2016 10:37:06.000000 - INFO] effectiveUser=5219248363 service=CampaignService method=get operators={} responseTime=255 requestId=000538c3d4f056610a374f547a0e9933 operations=1 units= server=adwords.google.com isFault=false faultMessage=null
[Jul 29 2016 10:37:06.000000 - INFO] effectiveUser=8199293381 service=CampaignService method=get operators={} responseTime=217 requestId=000538c3d4fc39580a375183db0f2c0c operations=1 units= server=adwords.google.com isFault=false faultMessage=null
[Jul 29 2016 10:37:08.000000 - INFO] effectiveUser=7644991822 service=CampaignService method=get operators={} responseTime=528 requestId=000538c3d507ed700a370c0206082e39 operations=1 units= server=adwords.google.com isFault=false faultMessage=null
[Jul 29 2016 10:37:08.000000 - INFO] effectiveUser=2291275326 service=CampaignService method=get operators={} responseTime=231 requestId=000538c3d519a4990a3709d3780653cc operations=1 units= server=adwords.google.com isFault=false faultMessage=null
[Jul 29 2016 10:37:09.000000 - INFO] effectiveUser=2915936930 service=CampaignService method=get operators={} responseTime=212 requestId=000538c3d524d3e00a375183db0f2c0c operations=1 units= server=adwords.google.com isFault=false faultMessage=null
[Jul 29 2016 10:37:10.000000 - INFO] effectiveUser=7378287253 service=CampaignService method=get operators={} responseTime=171 requestId=000538c3d52fc8910a37a8d25d071538 operations=1 units= server=adwords.google.com isFault=false faultMessage=null
[Jul 29 2016 10:37:11.000000 - INFO] effectiveUser=3920673753 service=CampaignService method=get operators={} responseTime=331 requestId=000538c3d539f9f00a37a7490002162e operations=1 units= server=adwords.google.com isFault=false faultMessage=null
[Jul 29 2016 10:37:11.000000 - INFO] effectiveUser=8176517967 service=CampaignService method=get operators={} responseTime=223 requestId=000538c3d54730c10a370b90180d34a3 operations=1 units= server=adwords.google.com isFault=false faultMessage=null
[Jul 29 2016 10:37:12.000000 - INFO] effectiveUser=5894529420 service=CampaignService method=get operators={} responseTime=389 requestId=000538c3d552b9e00a374a91420e6d56 operations=1 units= server=adwords.google.com isFault=false faultMessage=null
[Jul 29 2016 10:37:13.000000 - INFO] effectiveUser=8936614334 service=CampaignService method=get operators={} responseTime=313 requestId=000538c3d56061f90a371351c80b5bad operations=1 units= server=adwords.google.com isFault=false faultMessage=null
[Jul 29 2016 10:37:14.000000 - INFO] effectiveUser=7835231661 service=CampaignService method=get operators={} responseTime=349 requestId=000538c3d56cb2500a37a210a30d8e4e operations=1 units= server=adwords.google.com isFault=false faultMessage=null
[Jul 29 2016 10:37:15.000000 - INFO] effectiveUser=3520076879 service=CampaignService method=get operators={} responseTime=414 requestId=000538c3d57993310a377742da09e0aa operations=1 units= server=adwords.google.com isFault=false faultMessage=null
[Jul 29 2016 10:37:16.000000 - INFO] effectiveUser=8632088371 service=CampaignService method=get operators={} responseTime=259 requestId=000538c3d58785800a374d46960deef4 operations=1 units= server=adwords.google.com isFault=false faultMessage=null
[Jul 29 2016 10:37:16.000000 - INFO] effectiveUser=7951884759 service=CampaignService method=get operators={} responseTime=223 requestId=000538c3d59339990a375c423e0ede46 operations=1 units= server=adwords.google.com isFault=false faultMessage=null
[Jul 29 2016 10:37:17.000000 - INFO] effectiveUser=6568088489 service=CampaignService method=get operators={} responseTime=281 requestId=000538c3d5a041880a37a6c91f0058fe operations=1 units= server=adwords.google.com isFault=false faultMessage=null
[Jul 29 2016 10:37:18.000000 - INFO] effectiveUser=8828385530 service=CampaignService method=get operators={} responseTime=155 requestId=000538c3d5acb5090a374b463a0596d6 operations=1 units= server=adwords.google.com isFault=false faultMessage=null
[Jul 29 2016 10:37:19.000000 - INFO] effectiveUser=8658776036 service=CampaignService method=get operators={} responseTime=276 requestId=000538c3d5b738710a3706072a035ab7 operations=1 units= server=adwords.google.com isFault=false faultMessage=null
[Jul 29 2016 10:37:20.000000 - INFO] effectiveUser=5895236779 service=CampaignService method=get operators={} responseTime=282 requestId=000538c3d5c346610a37b2441b082c94 operations=1 units= server=adwords.google.com isFault=false faultMessage=null
[Jul 29 2016 10:37:20.000000 - INFO] effectiveUser=9293960506 service=CampaignService method=get operators={} responseTime=284 requestId=000538c3d5cfc5990a37a210a30d8e4e operations=1 units= server=adwords.google.com isFault=false faultMessage=null
[Jul 29 2016 10:37:21.000000 - INFO] effectiveUser=8899409516 service=CampaignService method=get operators={} responseTime=303 requestId=000538c3d5dbcfa10a379e4a26005aa6 operations=1 units= server=adwords.google.com isFault=false faultMessage=null
[Jul 29 2016 10:37:22.000000 - INFO] effectiveUser=7112240787 service=CampaignService method=get operators={} responseTime=242 requestId=000538c3d5e814400a370a8e1000ca9a operations=1 units= server=adwords.google.com isFault=false faultMessage=null
[Jul 29 2016 10:37:23.000000 - INFO] effectiveUser=4403738461 service=CampaignService method=get operators={} responseTime=228 requestId=000538c3d5f3a5300a3772021b0fd046 operations=1 units= server=adwords.google.com isFault=false faultMessage=null
[Jul 29 2016 10:37:23.000000 - INFO] effectiveUser=7132039965 service=CampaignService method=get operators={} responseTime=321 requestId=000538c3d5fee4180a378304bc0c617a operations=1 units= server=adwords.google.com isFault=false faultMessage=null
[Jul 29 2016 10:37:24.000000 - INFO] effectiveUser=7922475355 service=CampaignService method=get operators={} responseTime=355 requestId=000538c3d60b9a000a378304bc0c617a operations=1 units= server=adwords.google.com isFault=false faultMessage=null
[Jul 29 2016 10:37:25.000000 - INFO] effectiveUser=8392828930 service=CampaignService method=get operators={} responseTime=302 requestId=000538c3d61a28900a37d681e2060022 operations=1 units= server=adwords.google.com isFault=false faultMessage=null
[Jul 29 2016 10:37:26.000000 - INFO] effectiveUser=3886324875 service=CampaignService method=get operators={} responseTime=404 requestId=000538c3d62684a10a374a91420e6d56 operations=1 units= server=adwords.google.com isFault=false faultMessage=null
[Jul 29 2016 10:37:27.000000 - INFO] effectiveUser=2409290159 service=CampaignService method=get operators={} responseTime=279 requestId=000538c3d6357ca90a37638a2b01e9ac operations=1 units= server=adwords.google.com isFault=false faultMessage=null
[Jul 29 2016 10:37:28.000000 - INFO] effectiveUser=6828123987 service=CampaignService method=get operators={} responseTime=257 requestId=000538c3d641d4d10ae9dd4315079252 operations=1 units= server=adwords.google.com isFault=false faultMessage=null
[Jul 29 2016 10:37:29.000000 - INFO] effectiveUser=4349451434 service=CampaignService method=get operators={} responseTime=305 requestId=000538c3d64d71780a37a4d49b08bdbb operations=1 units= server=adwords.google.com isFault=false faultMessage=null
[Jul 29 2016 10:37:30.000000 - INFO] effectiveUser=8603980978 service=CampaignService method=get operators={} responseTime=377 requestId=000538c3d65a2b480a376d01370a72d4 operations=1 units= server=adwords.google.com isFault=false faultMessage=null
[Jul 29 2016 10:37:30.000000 - INFO] effectiveUser=2698435968 service=CampaignService method=get operators={} responseTime=258 requestId=000538c3d667b8080a374758ae0fdf05 operations=1 units= server=adwords.google.com isFault=false faultMessage=null
[Jul 29 2016 10:37:31.000000 - INFO] effectiveUser=7745345445 service=CampaignService method=get operators={} responseTime=312 requestId=000538c3d67360680a377742da09e0aa operations=1 units= server=adwords.google.com isFault=false faultMessage=null
[Jul 29 2016 10:37:32.000000 - INFO] effectiveUser=7751645701 service=CampaignService method=get operators={} responseTime=320 requestId=000538c3d67fdbb90a37b785190ece62 operations=1 units= server=adwords.google.com isFault=false faultMessage=null
[Jul 29 2016 10:37:33.000000 - INFO] effectiveUser=3388717896 service=CampaignService method=get operators={} responseTime=232 requestId=000538c3d68c66a80a374a91420e6d56 operations=1 units= server=adwords.google.com isFault=false faultMessage=null
[Jul 29 2016 10:37:39.000000 - INFO] effectiveUser=8421101413 service=CampaignService method=get operators={} responseTime=232 requestId=000538c3d6f00a790a370a8e1000ca9a operations=1 units= server=adwords.google.com isFault=false faultMessage=null
[Jul 29 2016 10:37:40.000000 - INFO] effectiveUser=3562020350 service=CampaignService method=get operators={} responseTime=212 requestId=000538c3d6fbc6600ae9dd4315079252 operations=1 units= server=adwords.google.com isFault=false faultMessage=null
[Jul 29 2016 10:37:41.000000 - INFO] effectiveUser=1572848095 service=CampaignService method=get operators={} responseTime=220 requestId=000538c3d706de390a374817dc00ff97 operations=1 units= server=adwords.google.com isFault=false faultMessage=null
[Jul 29 2016 10:43:07.000000 - INFO] effectiveUser=4992547832 service=CustomerService method=mutate operators={} responseTime=199 requestId=000538c3ea7fda780ac215a88c038e9c operations=1 units= server=adwords.google.com isFault=false faultMessage=null
[Jul 29 2016 10:54:20.000000 - INFO] effectiveUser=4992547832 service=CustomerService method=mutate operators={} responseTime=163 requestId=000538c4129c1e410ac2ece67605d65f operations=1 units= server=adwords.google.com isFault=false faultMessage=null
[Jul 29 2016 10:55:02.000000 - INFO] effectiveUser=4992547832 service=CustomerService method=mutate operators={} responseTime=156 requestId=000538c41515c9010ac2578861081389 operations=1 units= server=adwords.google.com isFault=false faultMessage=null
[Jul 29 2016 13:09:58.000000 - INFO] effectiveUser=4992547832 service=CustomerService method=mutate operators={} responseTime=188 requestId=000538c5f7a4e5490ac24121e803b64a operations=1 units= server=adwords.google.com isFault=false faultMessage=null
[Jul 29 2016 13:10:21.000000 - INFO] effectiveUser=4992547832 service=CustomerService method=mutate operators={} responseTime=196 requestId=000538c5f90651d80ac255c54e03a0aa operations=1 units= server=adwords.google.com isFault=false faultMessage=null
[Jul 29 2016 13:19:36.000000 - INFO] effectiveUser=4992547832 service=CustomerService method=mutate operators={} responseTime=175 requestId=000538c61a2232110ac27c81b90c4057 operations=1 units= server=adwords.google.com isFault=false faultMessage=null
[Jul 29 2016 13:32:04.000000 - INFO] effectiveUser=4992547832 service=CustomerService method=mutate operators={} responseTime=182 requestId=000538c646aed4000ac2f6c2fa017c4a operations=1 units= server=adwords.google.com isFault=false faultMessage=null
